<?xml version="1.0" encoding="UTF-8"?>
<!-- Generated by org.testng.reporters.JUnitReportReporter -->
<testsuite hostname="Vicky-PC" failures="0" tests="1" name="Practice.getPGM1" time="4.145" errors="0" timestamp="2022-11-28T15:13:50 IST" skipped="0">
  <testcase classname="Practice.getPGM1" name="main" time="4.145"/>
  <system-out/>
</testsuite> <!-- Practice.getPGM1 -->
