<?xml version="1.0" encoding="UTF-8"?>
<!-- Generated by org.testng.reporters.JUnitReportReporter -->
<testsuite hostname="Vicky-PC" failures="0" tests="1" name="com.amazon.commonBaseTest.baseTest" time="23.544" errors="0" timestamp="2022-11-15T07:16:50 IST" skipped="0">
  <testcase classname="com.amazon.commonBaseTest.baseTest" name="launchApp" time="23.544"/>
  <system-out/>
</testsuite> <!-- com.amazon.commonBaseTest.baseTest -->
